<?xml version="1.0" encoding="UTF-8"?>
<!-- Generated by org.testng.reporters.JUnitXMLReporter -->
<testsuite ignored="0" hostname="LAIMUMLT9002" failures="1" tests="3" name="Test" time="4.279" errors="0" timestamp="2024-04-04T15:58:58 IST">
  <testcase classname="com.qa.tests.AddBookTest" name="postAddBook" time="2.815">
    <failure type="java.lang.AssertionError" message="expected [400] but found [200]">
      <![CDATA[java.lang.AssertionError: expected [400] but found [200]
at com.qa.tests.AddBookTest.postAddBook(AddBookTest.java:26)
at java.base/java.util.ArrayList.forEach(ArrayList.java:1511)
at org.apache.maven.plugin.surefire.InPluginVMSurefireStarter.runSuitesInProcess(InPluginVMSurefireStarter.java:92)
at org.apache.maven.plugin.surefire.AbstractSurefireMojo.executeProvider(AbstractSurefireMojo.java:1310)
at org.apache.maven.plugin.surefire.AbstractSurefireMojo.executeAfterPreconditionsChecked(AbstractSurefireMojo.java:1167)
at org.apache.maven.plugin.surefire.AbstractSurefireMojo.execute(AbstractSurefireMojo.java:931)
at org.apache.maven.plugin.DefaultBuildPluginManager.executeMojo(DefaultBuildPluginManager.java:137)
at org.apache.maven.lifecycle.internal.MojoExecutor.doExecute2(MojoExecutor.java:370)
at org.apache.maven.lifecycle.internal.MojoExecutor.doExecute(MojoExecutor.java:351)
at org.apache.maven.lifecycle.internal.MojoExecutor.execute(MojoExecutor.java:215)
at org.apache.maven.lifecycle.internal.MojoExecutor.execute(MojoExecutor.java:171)
at org.apache.maven.lifecycle.internal.MojoExecutor.execute(MojoExecutor.java:163)
at org.apache.maven.lifecycle.internal.LifecycleModuleBuilder.buildProject(LifecycleModuleBuilder.java:117)
at org.apache.maven.lifecycle.internal.LifecycleModuleBuilder.buildProject(LifecycleModuleBuilder.java:81)
at org.apache.maven.lifecycle.internal.builder.singlethreaded.SingleThreadedBuilder.build(SingleThreadedBuilder.java:56)
at org.apache.maven.lifecycle.internal.LifecycleStarter.execute(LifecycleStarter.java:128)
at org.apache.maven.DefaultMaven.doExecute(DefaultMaven.java:298)
at org.apache.maven.DefaultMaven.doExecute(DefaultMaven.java:192)
at org.apache.maven.DefaultMaven.execute(DefaultMaven.java:105)
at org.apache.maven.cli.MavenCli.execute(MavenCli.java:960)
at org.apache.maven.cli.MavenCli.doMain(MavenCli.java:293)
at org.apache.maven.cli.MavenCli.main(MavenCli.java:196)
at org.codehaus.plexus.classworlds.launcher.Launcher.launchEnhanced(Launcher.java:282)
at org.codehaus.plexus.classworlds.launcher.Launcher.launch(Launcher.java:225)
at org.codehaus.plexus.classworlds.launcher.Launcher.mainWithExitCode(Launcher.java:406)
at org.codehaus.plexus.classworlds.launcher.Launcher.main(Launcher.java:347)
... Removed 44 stack frames]]>
    </failure>
  </testcase> <!-- postAddBook -->
  <testcase classname="com.qa.tests.AddBookTest" name="postAddBookFromHashMap" time="0.763"/>
  <testcase classname="com.qa.tests.AddBookTest" name="postAddBookFromPoJo" time="0.191"/>
</testsuite> <!-- Test -->
